RUN	performanceRunners.CDArticleSimulation	cdarticlesimulation	1683901773045	 	3.7.4
USER	Create An Article	START	1683901773291
USER	Create An Article	START	1683901777244
USER	Create An Article	START	1683901778241
USER	Create An Article	START	1683901779238
REQUEST		Create And Delete Article	1683901774033	1683901774938	OK	 
REQUEST		DELETE api/articles/{articleId}	1683901779984	1683901780152	OK	 
USER	Create An Article	END	1683901780161
USER	Create An Article	START	1683901780240
USER	Create An Article	START	1683901781239
USER	Create An Article	START	1683901782236
REQUEST		Create And Delete Article	1683901777317	1683901777935	OK	 
REQUEST		DELETE api/articles/{articleId}	1683901782964	1683901783134	OK	 
USER	Create An Article	END	1683901783137
USER	Create An Article	START	1683901783234
USER	Create An Article	START	1683901784245
REQUEST		Create And Delete Article	1683901778311	1683901779216	OK	 
REQUEST		DELETE api/articles/{articleId}	1683901784251	1683901784415	OK	 
USER	Create An Article	END	1683901784415
REQUEST		Create And Delete Article	1683901779300	1683901779434	OK	 
REQUEST		DELETE api/articles/{articleId}	1683901784467	1683901784636	OK	 
USER	Create An Article	END	1683901784638
USER	Create An Article	START	1683901785239
REQUEST		Create And Delete Article	1683901780299	1683901780431	OK	 
REQUEST		DELETE api/articles/{articleId}	1683901785462	1683901785605	OK	 
USER	Create An Article	END	1683901785606
USER	Create An Article	START	1683901786254
REQUEST		Create And Delete Article	1683901781279	1683901781441	OK	 
REQUEST		DELETE api/articles/{articleId}	1683901786460	1683901786602	OK	 
USER	Create An Article	END	1683901786603
USER	Create An Article	START	1683901787233
REQUEST		Create And Delete Article	1683901782285	1683901782433	OK	 
REQUEST		DELETE api/articles/{articleId}	1683901787476	1683901787611	OK	 
USER	Create An Article	END	1683901787611
USER	Create An Article	START	1683901787734
USER	Create An Article	START	1683901788247
REQUEST		Create And Delete Article	1683901783311	1683901783459	OK	 
REQUEST		DELETE api/articles/{articleId}	1683901788507	1683901788648	OK	 
USER	Create An Article	END	1683901788648
USER	Create An Article	START	1683901788748
USER	Create An Article	START	1683901789233
REQUEST		Create And Delete Article	1683901784295	1683901784477	OK	 
REQUEST		DELETE api/articles/{articleId}	1683901789501	1683901789636	OK	 
USER	Create An Article	END	1683901789636
USER	Create An Article	START	1683901789742
USER	Create An Article	START	1683901790242
REQUEST		Create And Delete Article	1683901785276	1683901785446	OK	 
REQUEST		DELETE api/articles/{articleId}	1683901790462	1683901790603	OK	 
USER	Create An Article	END	1683901790603
USER	Create An Article	START	1683901790738
USER	Create An Article	START	1683901791248
REQUEST		Create And Delete Article	1683901786307	1683901786466	OK	 
REQUEST		DELETE api/articles/{articleId}	1683901791502	1683901791643	OK	 
USER	Create An Article	END	1683901791643
USER	Create An Article	START	1683901791744
USER	Create An Article	START	1683901792241
REQUEST		Create And Delete Article	1683901787262	1683901787419	OK	 
REQUEST		DELETE api/articles/{articleId}	1683901792433	1683901792566	OK	 
USER	Create An Article	END	1683901792566
USER	Create An Article	START	1683901792742
REQUEST		Create And Delete Article	1683901787761	1683901787919	OK	 
REQUEST		DELETE api/articles/{articleId}	1683901792933	1683901793070	OK	 
USER	Create An Article	END	1683901793070
USER	Create An Article	START	1683901793239
REQUEST		Create And Delete Article	1683901788268	1683901788403	OK	 
REQUEST		DELETE api/articles/{articleId}	1683901793414	1683901793551	OK	 
USER	Create An Article	END	1683901793551
USER	Create An Article	START	1683901793740
REQUEST		Create And Delete Article	1683901788771	1683901788907	OK	 
REQUEST		DELETE api/articles/{articleId}	1683901793930	1683901794064	OK	 
USER	Create An Article	END	1683901794065
USER	Create An Article	START	1683901794238
REQUEST		Create And Delete Article	1683901789255	1683901789398	OK	 
REQUEST		DELETE api/articles/{articleId}	1683901794411	1683901794548	OK	 
USER	Create An Article	END	1683901794548
USER	Create An Article	START	1683901794736
REQUEST		Create And Delete Article	1683901789798	1683901789934	OK	 
REQUEST		DELETE api/articles/{articleId}	1683901794958	1683901795108	OK	 
USER	Create An Article	END	1683901795108
USER	Create An Article	START	1683901795234
REQUEST		Create And Delete Article	1683901790286	1683901790426	OK	 
REQUEST		DELETE api/articles/{articleId}	1683901795444	1683901795601	OK	 
USER	Create An Article	END	1683901795601
USER	Create An Article	START	1683901795745
REQUEST		Create And Delete Article	1683901790757	1683901790899	OK	 
REQUEST		DELETE api/articles/{articleId}	1683901795920	1683901796057	OK	 
USER	Create An Article	END	1683901796058
USER	Create An Article	START	1683901796240
REQUEST		Create And Delete Article	1683901791298	1683901791454	OK	 
REQUEST		DELETE api/articles/{articleId}	1683901796479	1683901796621	OK	 
USER	Create An Article	END	1683901796621
USER	Create An Article	START	1683901796740
REQUEST		Create And Delete Article	1683901791768	1683901791904	OK	 
REQUEST		DELETE api/articles/{articleId}	1683901796917	1683901797050	OK	 
USER	Create An Article	END	1683901797050
USER	Create An Article	START	1683901797247
USER	Create An Article	START	1683901797742
REQUEST		Create And Delete Article	1683901792262	1683901792409	OK	 
REQUEST		DELETE api/articles/{articleId}	1683901797421	1683901798219	OK	 
USER	Create An Article	END	1683901798219
USER	Create An Article	START	1683901798237
REQUEST		Create And Delete Article	1683901792763	1683901792907	OK	 
REQUEST		DELETE api/articles/{articleId}	1683901797916	1683901798561	OK	 
USER	Create An Article	END	1683901798561
USER	Create An Article	START	1683901798571
USER	Create An Article	START	1683901798905
REQUEST		Create And Delete Article	1683901793257	1683901793392	OK	 
REQUEST		DELETE api/articles/{articleId}	1683901798412	1683901799128	OK	 
USER	Create An Article	END	1683901799128
USER	Create An Article	START	1683901799245
USER	Create An Article	START	1683901799571
REQUEST		Create And Delete Article	1683901793762	1683901793897	OK	 
REQUEST		DELETE api/articles/{articleId}	1683901798911	1683901799733	OK	 
USER	Create An Article	END	1683901799733
USER	Create An Article	START	1683901799913
REQUEST		Create And Delete Article	1683901794280	1683901794411	OK	 
REQUEST		DELETE api/articles/{articleId}	1683901799421	1683901800060	OK	 
USER	Create An Article	START	1683901800237
USER	Create An Article	START	1683901800488
REQUEST		Create And Delete Article	1683901794754	1683901794889	OK	 
REQUEST		DELETE api/articles/{articleId}	1683901799900	1683901800706	OK	 
USER	Create An Article	END	1683901800060
USER	Create An Article	END	1683901800706
USER	Create An Article	START	1683901800739
USER	Create An Article	START	1683901800990
USER	Create An Article	START	1683901801238
REQUEST		Create And Delete Article	1683901795257	1683901795395	OK	 
REQUEST		DELETE api/articles/{articleId}	1683901800413	1683901801346	OK	 
USER	Create An Article	START	1683901801489
REQUEST		Create And Delete Article	1683901795762	1683901795901	OK	 
REQUEST		DELETE api/articles/{articleId}	1683901800917	1683901801620	OK	 
REQUEST		Create And Delete Article	1683901796264	1683901796400	OK	 
REQUEST		DELETE api/articles/{articleId}	1683901801414	1683901802219	OK	 
USER	Create An Article	END	1683901801346
USER	Create An Article	END	1683901801620
USER	Create An Article	START	1683901802220
USER	Create An Article	START	1683901802221
USER	Create An Article	END	1683901802219
USER	Create An Article	START	1683901802236
USER	Create An Article	START	1683901802437
REQUEST		Create And Delete Article	1683901796758	1683901796917	OK	 
REQUEST		DELETE api/articles/{articleId}	1683901801929	1683901802517	OK	 
USER	Create An Article	START	1683901802639
USER	Create An Article	START	1683901802841
USER	Create An Article	START	1683901803046
REQUEST		Create And Delete Article	1683901797269	1683901797396	OK	 
REQUEST		DELETE api/articles/{articleId}	1683901802410	1683901803128	OK	 
REQUEST		Create And Delete Article	1683901797763	1683901798561	OK	 
REQUEST		DELETE api/articles/{articleId}	1683901803595	1683901803738	OK	 
REQUEST		Create And Delete Article	1683901798259	1683901798837	OK	 
REQUEST		DELETE api/articles/{articleId}	1683901803860	1683901803985	OK	 
REQUEST		Create And Delete Article	1683901798597	1683901799130	OK	 
REQUEST		DELETE api/articles/{articleId}	1683901804142	1683901804278	OK	 
USER	Create An Article	END	1683901802517
USER	Create An Article	END	1683901803127
USER	Create An Article	END	1683901803738
USER	Create An Article	END	1683901803985
USER	Create An Article	START	1683901804428
USER	Create An Article	START	1683901804429
USER	Create An Article	START	1683901804429
USER	Create An Article	START	1683901804429
USER	Create An Article	START	1683901804429
USER	Create An Article	START	1683901804429
USER	Create An Article	START	1683901804429
USER	Create An Article	END	1683901804278
USER	Create An Article	START	1683901804575
USER	Create An Article	START	1683901804745
USER	Create An Article	START	1683901804902
USER	Create An Article	START	1683901805074
REQUEST		Create And Delete Article	1683901799153	1683901800060	OK	 
REQUEST		DELETE api/articles/{articleId}	1683901805079	1683901805217	OK	 
USER	Create An Article	START	1683901805245
USER	Create An Article	START	1683901805402
REQUEST		Create And Delete Article	1683901799749	1683901800383	OK	 
REQUEST		DELETE api/articles/{articleId}	1683901805407	1683901805548	OK	 
USER	Create An Article	START	1683901805571
REQUEST		Create And Delete Article	1683901800074	1683901801003	OK	 
REQUEST		DELETE api/articles/{articleId}	1683901806026	1683901806154	OK	 
REQUEST		Create And Delete Article	1683901800732	1683901801620	OK	 
REQUEST		DELETE api/articles/{articleId}	1683901806636	1683901806775	OK	 
USER	Create An Article	END	1683901805216
USER	Create An Article	END	1683901805547
USER	Create An Article	END	1683901806154
USER	Create An Article	END	1683901806774
REQUEST		Create And Delete Article	1683901801358	1683901801939	OK	 
REQUEST		DELETE api/articles/{articleId}	1683901806964	1683901807107	OK	 
REQUEST		Create And Delete Article	1683901801637	1683901802517	OK	 
REQUEST		DELETE api/articles/{articleId}	1683901807542	1683901808364	OK	 
REQUEST		Create And Delete Article	1683901802238	1683901802843	OK	 
REQUEST		DELETE api/articles/{articleId}	1683901807852	1683901808697	OK	 
REQUEST		Create And Delete Article	1683901803148	1683901803294	OK	 
REQUEST		DELETE api/articles/{articleId}	1683901808310	1683901809010	OK	 
REQUEST		Create And Delete Article	1683901802533	1683901803128	OK	 
REQUEST		DELETE api/articles/{articleId}	1683901808151	1683901809012	OK	 
USER	Create An Article	END	1683901807107
USER	Create An Article	END	1683901808364
USER	Create An Article	END	1683901808696
USER	Create An Article	END	1683901809010
USER	Create An Article	START	1683901809013
USER	Create An Article	START	1683901809013
USER	Create An Article	START	1683901809013
USER	Create An Article	START	1683901809013
USER	Create An Article	START	1683901809013
USER	Create An Article	START	1683901809014
USER	Create An Article	START	1683901809014
USER	Create An Article	START	1683901809014
USER	Create An Article	START	1683901809014
USER	Create An Article	START	1683901809014
USER	Create An Article	START	1683901809014
USER	Create An Article	START	1683901809014
USER	Create An Article	START	1683901809014
USER	Create An Article	START	1683901809014
USER	Create An Article	START	1683901809015
USER	Create An Article	START	1683901809015
USER	Create An Article	END	1683901809013
USER	Create An Article	START	1683901809017
USER	Create An Article	START	1683901809019
USER	Create An Article	START	1683901809019
USER	Create An Article	START	1683901809019
USER	Create An Article	START	1683901809019
USER	Create An Article	START	1683901809019
USER	Create An Article	START	1683901809020
USER	Create An Article	START	1683901809020
USER	Create An Article	START	1683901809111
USER	Create An Article	START	1683901809235
REQUEST		Create And Delete Article	1683901803503	1683901803633	OK	 
REQUEST		DELETE api/articles/{articleId}	1683901808649	1683901809313	OK	 
REQUEST		Create And Delete Article	1683901803335	1683901803467	OK	 
REQUEST		DELETE api/articles/{articleId}	1683901808495	1683901809317	OK	 
USER	Create An Article	START	1683901809373
USER	Create An Article	START	1683901809497
REQUEST		Create And Delete Article	1683901803749	1683901803879	OK	 
REQUEST		DELETE api/articles/{articleId}	1683901808901	1683901809617	OK	 
USER	Create An Article	START	1683901809624
USER	Create An Article	START	1683901809747
USER	Create An Article	START	1683901809873
REQUEST		Create And Delete Article	1683901804016	1683901804147	OK	 
REQUEST		DELETE api/articles/{articleId}	1683901809162	1683901809896	OK	 
USER	Create An Article	START	1683901809995
REQUEST		Create And Delete Article	1683901804291	1683901804423	OK	 
REQUEST		DELETE api/articles/{articleId}	1683901809442	1683901810216	OK	 
REQUEST		Create And Delete Article	1683901804460	1683901804600	OK	 
REQUEST		DELETE api/articles/{articleId}	1683901809629	1683901810222	OK	 
REQUEST		Create And Delete Article	1683901804648	1683901804791	OK	 
REQUEST		DELETE api/articles/{articleId}	1683901809814	1683901810470	OK	 
REQUEST		Create And Delete Article	1683901804844	1683901804984	OK	 
REQUEST		Create And Delete Article	1683901805045	1683901805174	OK	 
REQUEST		DELETE api/articles/{articleId}	1683901809999	1683901810758	OK	 
REQUEST		DELETE api/articles/{articleId}	1683901810189	1683901810758	OK	 
REQUEST		Create And Delete Article	1683901805229	1683901805367	OK	 
REQUEST		DELETE api/articles/{articleId}	1683901810393	1683901811070	OK	 
REQUEST		Create And Delete Article	1683901805405	1683901805544	OK	 
REQUEST		Create And Delete Article	1683901805559	1683901805682	OK	 
REQUEST		DELETE api/articles/{articleId}	1683901810705	1683901811358	OK	 
REQUEST		DELETE api/articles/{articleId}	1683901810562	1683901811358	OK	 
REQUEST		Create And Delete Article	1683901805714	1683901805847	OK	 
REQUEST		DELETE api/articles/{articleId}	1683901810878	1683901811638	OK	 
REQUEST		Create And Delete Article	1683901805899	1683901806029	OK	 
REQUEST		DELETE api/articles/{articleId}	1683901811047	1683901811641	OK	 
REQUEST		Create And Delete Article	1683901806166	1683901806314	OK	 
REQUEST		DELETE api/articles/{articleId}	1683901811325	1683901811942	OK	 
REQUEST		Create And Delete Article	1683901806342	1683901806473	OK	 
REQUEST		DELETE api/articles/{articleId}	1683901811495	1683901812246	OK	 
REQUEST		Create And Delete Article	1683901806507	1683901806634	OK	 
REQUEST		DELETE api/articles/{articleId}	1683901811657	1683901812571	OK	 
REQUEST		Create And Delete Article	1683901806784	1683901806915	OK	 
REQUEST		DELETE api/articles/{articleId}	1683901811935	1683901812572	OK	 
REQUEST		Create And Delete Article	1683901806950	1683901807089	OK	 
REQUEST		DELETE api/articles/{articleId}	1683901812108	1683901812875	OK	 
REQUEST		Create And Delete Article	1683901807119	1683901807707	OK	 
REQUEST		DELETE api/articles/{articleId}	1683901812728	1683901813011	OK	 
USER	Create An Article	END	1683901809313
USER	Create An Article	END	1683901809317
USER	Create An Article	END	1683901809618
USER	Create An Article	END	1683901809896
USER	Create An Article	END	1683901810220
USER	Create An Article	END	1683901810221
USER	Create An Article	END	1683901810470
USER	Create An Article	END	1683901810757
USER	Create An Article	END	1683901810759
USER	Create An Article	END	1683901811070
USER	Create An Article	END	1683901811358
USER	Create An Article	END	1683901811358
USER	Create An Article	END	1683901811642
USER	Create An Article	END	1683901811642
USER	Create An Article	END	1683901811944
USER	Create An Article	END	1683901812246
USER	Create An Article	END	1683901812571
USER	Create An Article	END	1683901812572
USER	Create An Article	END	1683901812875
USER	Create An Article	END	1683901813010
USER	Create An Article	START	1683901813349
USER	Create An Article	START	1683901813349
USER	Create An Article	START	1683901813349
USER	Create An Article	START	1683901813349
USER	Create An Article	START	1683901813349
USER	Create An Article	START	1683901813349
USER	Create An Article	START	1683901813349
USER	Create An Article	START	1683901813349
USER	Create An Article	START	1683901813350
USER	Create An Article	START	1683901813351
USER	Create An Article	START	1683901813351
USER	Create An Article	START	1683901813351
USER	Create An Article	START	1683901813352
USER	Create An Article	START	1683901813352
USER	Create An Article	START	1683901813353
USER	Create An Article	START	1683901813353
USER	Create An Article	START	1683901813353
USER	Create An Article	START	1683901813353
USER	Create An Article	START	1683901813353
USER	Create An Article	START	1683901813354
USER	Create An Article	START	1683901813354
USER	Create An Article	START	1683901813354
USER	Create An Article	START	1683901813354
USER	Create An Article	START	1683901813354
USER	Create An Article	START	1683901813354
USER	Create An Article	START	1683901813354
USER	Create An Article	START	1683901813354
USER	Create An Article	START	1683901813354
USER	Create An Article	START	1683901813354
USER	Create An Article	START	1683901813355
USER	Create An Article	START	1683901813356
USER	Create An Article	START	1683901813440
USER	Create An Article	START	1683901813544
USER	Create An Article	START	1683901813644
USER	Create An Article	START	1683901813738
USER	Create An Article	START	1683901813847
USER	Create An Article	START	1683901813942
USER	Create An Article	START	1683901814051
USER	Create An Article	START	1683901814142
REQUEST		Create And Delete Article	1683901808383	1683901809012	OK	 
REQUEST		DELETE api/articles/{articleId}	1683901814038	1683901814179	OK	 
USER	Create An Article	START	1683901814251
USER	Create An Article	START	1683901814329
USER	Create An Article	START	1683901814422
REQUEST		Create And Delete Article	1683901808709	1683901809317	OK	 
REQUEST		DELETE api/articles/{articleId}	1683901814332	1683901814462	OK	 
USER	Create An Article	START	1683901814515
REQUEST		Create And Delete Article	1683901809065	1683901809896	OK	 
REQUEST		DELETE api/articles/{articleId}	1683901814925	1683901815056	OK	 
REQUEST		Create And Delete Article	1683901809330	1683901809897	OK	 
REQUEST		DELETE api/articles/{articleId}	1683901814925	1683901815068	OK	 
REQUEST		Create And Delete Article	1683901809330	1683901809896	OK	 
REQUEST		DELETE api/articles/{articleId}	1683901814925	1683901815068	OK	 
REQUEST		Create And Delete Article	1683901809071	1683901809896	OK	 
REQUEST		DELETE api/articles/{articleId}	1683901814925	1683901815068	OK	 
REQUEST		Create And Delete Article	1683901809629	1683901810218	OK	 
REQUEST		DELETE api/articles/{articleId}	1683901815243	1683901815375	OK	 
REQUEST		Create And Delete Article	1683901809922	1683901810755	OK	 
REQUEST		DELETE api/articles/{articleId}	1683901815766	1683901815957	OK	 
REQUEST		Create And Delete Article	1683901810485	1683901811070	OK	 
REQUEST		DELETE api/articles/{articleId}	1683901816090	1683901816226	OK	 
REQUEST		Create And Delete Article	1683901810244	1683901811070	OK	 
REQUEST		DELETE api/articles/{articleId}	1683901816090	1683901816229	OK	 
REQUEST		Create And Delete Article	1683901810244	1683901811067	OK	 
REQUEST		DELETE api/articles/{articleId}	1683901816090	1683901816241	OK	 
REQUEST		Create And Delete Article	1683901811084	1683901811643	OK	 
REQUEST		Create And Delete Article	1683901810782	1683901811639	OK	 
REQUEST		DELETE api/articles/{articleId}	1683901816658	1683901816794	OK	 
REQUEST		DELETE api/articles/{articleId}	1683901816658	1683901816794	OK	 
REQUEST		Create And Delete Article	1683901810782	1683901811639	OK	 
REQUEST		DELETE api/articles/{articleId}	1683901816665	1683901816812	OK	 
REQUEST		Create And Delete Article	1683901811368	1683901811946	OK	 
REQUEST		DELETE api/articles/{articleId}	1683901816968	1683901817544	OK	 
REQUEST		Create And Delete Article	1683901811368	1683901811942	OK	 
REQUEST		DELETE api/articles/{articleId}	1683901816973	1683901817880	OK	 
REQUEST		Create And Delete Article	1683901811664	1683901812251	OK	 
REQUEST		DELETE api/articles/{articleId}	1683901817260	1683901818151	OK	 
REQUEST		Create And Delete Article	1683901811664	1683901812258	OK	 
REQUEST		DELETE api/articles/{articleId}	1683901817276	1683901818154	OK	 
REQUEST		Create And Delete Article	1683901812258	1683901812878	OK	 
REQUEST		DELETE api/articles/{articleId}	1683901817894	1683901818482	OK	 
REQUEST		Create And Delete Article	1683901811958	1683901813118	OK	 
REQUEST		DELETE api/articles/{articleId}	1683901818127	1683901818774	OK	 
REQUEST		Create And Delete Article	1683901812583	1683901812953	OK	 
REQUEST		DELETE api/articles/{articleId}	1683901817972	1683901818774	OK	 
REQUEST		Create And Delete Article	1683901813037	1683901813168	OK	 
REQUEST		Create And Delete Article	1683901812892	1683901813031	OK	 
REQUEST		DELETE api/articles/{articleId}	1683901818192	1683901818774	OK	 
REQUEST		DELETE api/articles/{articleId}	1683901818050	1683901818775	OK	 
REQUEST		Create And Delete Article	1683901812583	1683901812953	OK	 
REQUEST		DELETE api/articles/{articleId}	1683901817972	1683901818775	OK	 
REQUEST		Create And Delete Article	1683901813197	1683901813337	OK	 
REQUEST		DELETE api/articles/{articleId}	1683901818362	1683901819079	OK	 
REQUEST		Create And Delete Article	1683901813585	1683901813727	OK	 
REQUEST		DELETE api/articles/{articleId}	1683901818752	1683901819380	OK	 
REQUEST		Create And Delete Article	1683901813398	1683901813533	OK	 
REQUEST		DELETE api/articles/{articleId}	1683901818549	1683901819381	OK	 
USER	Create An Article	END	1683901814179
USER	Create An Article	END	1683901814462
USER	Create An Article	END	1683901815056
USER	Create An Article	END	1683901815068
USER	Create An Article	END	1683901815068
USER	Create An Article	END	1683901815068
USER	Create An Article	END	1683901815375
USER	Create An Article	END	1683901815957
USER	Create An Article	END	1683901816225
USER	Create An Article	END	1683901816228
USER	Create An Article	END	1683901816240
USER	Create An Article	END	1683901816794
USER	Create An Article	END	1683901816794
USER	Create An Article	END	1683901816812
USER	Create An Article	END	1683901817543
USER	Create An Article	END	1683901817879
USER	Create An Article	END	1683901818152
USER	Create An Article	END	1683901818154
USER	Create An Article	END	1683901818481
USER	Create An Article	END	1683901818773
USER	Create An Article	END	1683901818773
USER	Create An Article	END	1683901818774
USER	Create An Article	END	1683901818774
USER	Create An Article	END	1683901818774
USER	Create An Article	END	1683901819080
USER	Create An Article	END	1683901819379
USER	Create An Article	END	1683901819379
REQUEST		Create And Delete Article	1683901813769	1683901813909	OK	 
REQUEST		Create And Delete Article	1683901813942	1683901814074	OK	 
REQUEST		DELETE api/articles/{articleId}	1683901819093	1683901819691	OK	 
REQUEST		DELETE api/articles/{articleId}	1683901818925	1683901819691	OK	 
USER	Create An Article	END	1683901819690
USER	Create An Article	END	1683901819690
REQUEST		Create And Delete Article	1683901814191	1683901814323	OK	 
REQUEST		DELETE api/articles/{articleId}	1683901819342	1683901820044	OK	 
USER	Create An Article	END	1683901820043
REQUEST		Create And Delete Article	1683901814392	1683901814531	OK	 
REQUEST		DELETE api/articles/{articleId}	1683901819546	1683901820385	OK	 
USER	Create An Article	END	1683901820385
USER	Create An Article	START	1683901820388
USER	Create An Article	START	1683901820389
USER	Create An Article	START	1683901820389
USER	Create An Article	START	1683901820389
USER	Create An Article	START	1683901820389
USER	Create An Article	START	1683901820389
USER	Create An Article	START	1683901820389
USER	Create An Article	START	1683901820389
USER	Create An Article	START	1683901820389
USER	Create An Article	START	1683901820389
USER	Create An Article	START	1683901820389
USER	Create An Article	START	1683901820389
USER	Create An Article	START	1683901820389
USER	Create An Article	START	1683901820389
USER	Create An Article	START	1683901820390
USER	Create An Article	START	1683901820390
USER	Create An Article	START	1683901820390
USER	Create An Article	START	1683901820390
USER	Create An Article	START	1683901820390
USER	Create An Article	START	1683901820391
USER	Create An Article	START	1683901820392
USER	Create An Article	START	1683901820392
USER	Create An Article	START	1683901820394
USER	Create An Article	START	1683901820394
USER	Create An Article	START	1683901820394
USER	Create An Article	START	1683901820395
USER	Create An Article	START	1683901820395
REQUEST		Create And Delete Article	1683901814476	1683901814633	OK	 
REQUEST		DELETE api/articles/{articleId}	1683901819654	1683901820397	OK	 
USER	Create An Article	START	1683901820396
USER	Create An Article	START	1683901820398
USER	Create An Article	START	1683901820462
REQUEST		Create And Delete Article	1683901814664	1683901814792	OK	 
REQUEST		DELETE api/articles/{articleId}	1683901819810	1683901820691	OK	 
REQUEST		Create And Delete Article	1683901814826	1683901814960	OK	 
REQUEST		DELETE api/articles/{articleId}	1683901819983	1683901820693	OK	 
REQUEST		Create And Delete Article	1683901815083	1683901815228	OK	 
REQUEST		DELETE api/articles/{articleId}	1683901820245	1683901821037	OK	 
REQUEST		Create And Delete Article	1683901815068	1683901815208	OK	 
REQUEST		Create And Delete Article	1683901815083	1683901815228	OK	 
REQUEST		Create And Delete Article	1683901815084	1683901815229	OK	 
REQUEST		DELETE api/articles/{articleId}	1683901820230	1683901821045	OK	 
REQUEST		DELETE api/articles/{articleId}	1683901820245	1683901821045	OK	 
REQUEST		DELETE api/articles/{articleId}	1683901820261	1683901821045	OK	 
REQUEST		Create And Delete Article	1683901815564	1683901815700	OK	 
REQUEST		Create And Delete Article	1683901815390	1683901815530	OK	 
REQUEST		DELETE api/articles/{articleId}	1683901820712	1683901821330	OK	 
REQUEST		DELETE api/articles/{articleId}	1683901820540	1683901821330	OK	 
REQUEST		Create And Delete Article	1683901815733	1683901815864	OK	 
REQUEST		DELETE api/articles/{articleId}	1683901820883	1683901821612	OK	 
REQUEST		Create And Delete Article	1683901815966	1683901816108	OK	 
REQUEST		DELETE api/articles/{articleId}	1683901821113	1683901821917	OK	 
REQUEST		Create And Delete Article	1683901816238	1683901816384	OK	 
REQUEST		DELETE api/articles/{articleId}	1683901821395	1683901822220	OK	 
REQUEST		Create And Delete Article	1683901816268	1683901816421	OK	 
REQUEST		Create And Delete Article	1683901816451	1683901816591	OK	 
REQUEST		DELETE api/articles/{articleId}	1683901821442	1683901822220	OK	 
REQUEST		DELETE api/articles/{articleId}	1683901821614	1683901822220	OK	 
REQUEST		Create And Delete Article	1683901816234	1683901816390	OK	 
REQUEST		DELETE api/articles/{articleId}	1683901821410	1683901822220	OK	 
REQUEST		Create And Delete Article	1683901816620	1683901816752	OK	 
REQUEST		Create And Delete Article	1683901816806	1683901816939	OK	 
REQUEST		DELETE api/articles/{articleId}	1683901821772	1683901822541	OK	 
REQUEST		DELETE api/articles/{articleId}	1683901821957	1683901822541	OK	 
REQUEST		Create And Delete Article	1683901816806	1683901816939	OK	 
REQUEST		DELETE api/articles/{articleId}	1683901821957	1683901822542	OK	 
REQUEST		Create And Delete Article	1683901816825	1683901816975	OK	 
REQUEST		DELETE api/articles/{articleId}	1683901822001	1683901822825	OK	 
REQUEST		Create And Delete Article	1683901817554	1683901818153	OK	 
REQUEST		DELETE api/articles/{articleId}	1683901823169	1683901823305	OK	 
USER	Create An Article	END	1683901820397
USER	Create An Article	END	1683901820691
USER	Create An Article	END	1683901820692
USER	Create An Article	END	1683901821039
USER	Create An Article	END	1683901821044
USER	Create An Article	END	1683901821045
USER	Create An Article	END	1683901821045
USER	Create An Article	START	1683901823306
USER	Create An Article	START	1683901823306
USER	Create An Article	END	1683901821329
USER	Create An Article	END	1683901821329
USER	Create An Article	END	1683901821612
USER	Create An Article	END	1683901821916
USER	Create An Article	END	1683901822220
USER	Create An Article	END	1683901822220
USER	Create An Article	END	1683901822220
USER	Create An Article	END	1683901822220
USER	Create An Article	END	1683901822541
USER	Create An Article	END	1683901822541
USER	Create An Article	END	1683901822541
USER	Create An Article	END	1683901822824
USER	Create An Article	END	1683901823305
REQUEST		Create And Delete Article	1683901817888	1683901818482	OK	 
REQUEST		DELETE api/articles/{articleId}	1683901823498	1683901823648	OK	 
REQUEST		Create And Delete Article	1683901818169	1683901818775	OK	 
REQUEST		DELETE api/articles/{articleId}	1683901823790	1683901823929	OK	 
REQUEST		Create And Delete Article	1683901818165	1683901818774	OK	 
REQUEST		DELETE api/articles/{articleId}	1683901823790	1683901823930	OK	 
REQUEST		Create And Delete Article	1683901818493	1683901819079	OK	 
REQUEST		DELETE api/articles/{articleId}	1683901824101	1683901824223	OK	 
USER	Create An Article	START	1683901824237
REQUEST		Create And Delete Article	1683901818805	1683901819381	OK	 
REQUEST		Create And Delete Article	1683901818803	1683901819385	OK	 
REQUEST		Create And Delete Article	1683901818803	1683901819388	OK	 
REQUEST		DELETE api/articles/{articleId}	1683901824489	1683901824628	OK	 
REQUEST		DELETE api/articles/{articleId}	1683901824489	1683901824628	OK	 
REQUEST		DELETE api/articles/{articleId}	1683901824489	1683901824628	OK	 
REQUEST		Create And Delete Article	1683901818804	1683901819388	OK	 
REQUEST		DELETE api/articles/{articleId}	1683901824489	1683901824628	OK	 
USER	Create An Article	END	1683901823648
USER	Create An Article	END	1683901823929
USER	Create An Article	END	1683901823930
USER	Create An Article	END	1683901824222
USER	Create An Article	END	1683901824628
USER	Create An Article	END	1683901824628
USER	Create An Article	END	1683901824628
USER	Create An Article	END	1683901824628
REQUEST		Create And Delete Article	1683901818804	1683901819689	OK	 
REQUEST		DELETE api/articles/{articleId}	1683901824709	1683901824838	OK	 
REQUEST		Create And Delete Article	1683901819093	1683901819691	OK	 
REQUEST		DELETE api/articles/{articleId}	1683901824709	1683901824849	OK	 
REQUEST		Create And Delete Article	1683901819400	1683901820046	OK	 
REQUEST		DELETE api/articles/{articleId}	1683901825068	1683901825197	OK	 
USER	Create An Article	START	1683901825236
REQUEST		Create And Delete Article	1683901819481	1683901820398	OK	 
REQUEST		DELETE api/articles/{articleId}	1683901825471	1683901825609	OK	 
USER	Create An Article	END	1683901824838
USER	Create An Article	END	1683901824849
USER	Create An Article	END	1683901825197
USER	Create An Article	END	1683901825609
REQUEST		Create And Delete Article	1683901819705	1683901820398	OK	 
REQUEST		Create And Delete Article	1683901819705	1683901820398	OK	 
REQUEST		DELETE api/articles/{articleId}	1683901825485	1683901825621	OK	 
REQUEST		DELETE api/articles/{articleId}	1683901825485	1683901825621	OK	 
REQUEST		Create And Delete Article	1683901820060	1683901821045	OK	 
REQUEST		DELETE api/articles/{articleId}	1683901826064	1683901826194	OK	 
USER	Create An Article	START	1683901826248
REQUEST		Create And Delete Article	1683901820703	1683901821330	OK	 
REQUEST		Create And Delete Article	1683901820475	1683901821330	OK	 
REQUEST		DELETE api/articles/{articleId}	1683901826360	1683901826488	OK	 
REQUEST		DELETE api/articles/{articleId}	1683901826344	1683901826488	OK	 
USER	Create An Article	END	1683901825620
USER	Create An Article	END	1683901825620
USER	Create An Article	END	1683901826193
USER	Create An Article	END	1683901826488
USER	Create An Article	END	1683901826488
REQUEST		Create And Delete Article	1683901820475	1683901821330	OK	 
REQUEST		DELETE api/articles/{articleId}	1683901826343	1683901826502	OK	 
REQUEST		Create And Delete Article	1683901820703	1683901821330	OK	 
REQUEST		DELETE api/articles/{articleId}	1683901826360	1683901826503	OK	 
USER	Create An Article	END	1683901826502
USER	Create An Article	END	1683901826502
REQUEST		Create And Delete Article	1683901821054	1683901821616	OK	 
REQUEST		Create And Delete Article	1683901821056	1683901821616	OK	 
REQUEST		DELETE api/articles/{articleId}	1683901826688	1683901826824	OK	 
REQUEST		DELETE api/articles/{articleId}	1683901826688	1683901826824	OK	 
USER	Create An Article	END	1683901826823
USER	Create An Article	END	1683901826823
REQUEST		Create And Delete Article	1683901821057	1683901821620	OK	 
REQUEST		DELETE api/articles/{articleId}	1683901826688	1683901826828	OK	 
USER	Create An Article	END	1683901826827
REQUEST		Create And Delete Article	1683901821057	1683901821618	OK	 
REQUEST		DELETE api/articles/{articleId}	1683901826688	1683901826832	OK	 
USER	Create An Article	END	1683901826830
REQUEST		Create And Delete Article	1683901821346	1683901821922	OK	 
REQUEST		DELETE api/articles/{articleId}	1683901826937	1683901827073	OK	 
USER	Create An Article	END	1683901827072
REQUEST		Create And Delete Article	1683901821348	1683901822219	OK	 
REQUEST		DELETE api/articles/{articleId}	1683901827230	1683901827364	OK	 
USER	Create An Article	END	1683901827363
REQUEST		Create And Delete Article	1683901821642	1683901822219	OK	 
REQUEST		DELETE api/articles/{articleId}	1683901827231	1683901827381	OK	 
USER	Create An Article	END	1683901827380
REQUEST		Create And Delete Article	1683901821937	1683901822541	OK	 
REQUEST		DELETE api/articles/{articleId}	1683901827559	1683901827694	OK	 
USER	Create An Article	END	1683901827694
REQUEST		Create And Delete Article	1683901822234	1683901822825	OK	 
REQUEST		Create And Delete Article	1683901822233	1683901822825	OK	 
REQUEST		DELETE api/articles/{articleId}	1683901827843	1683901827988	OK	 
REQUEST		DELETE api/articles/{articleId}	1683901827843	1683901827988	OK	 
USER	Create An Article	END	1683901827989
USER	Create An Article	END	1683901827989
REQUEST		Create And Delete Article	1683901822234	1683901822825	OK	 
REQUEST		DELETE api/articles/{articleId}	1683901827843	1683901827998	OK	 
USER	Create An Article	END	1683901827997
REQUEST		Create And Delete Article	1683901822233	1683901822881	OK	 
REQUEST		DELETE api/articles/{articleId}	1683901827904	1683901828048	OK	 
USER	Create An Article	END	1683901828047
REQUEST		Create And Delete Article	1683901822557	1683901822920	OK	 
REQUEST		DELETE api/articles/{articleId}	1683901827940	1683901828072	OK	 
USER	Create An Article	END	1683901828073
REQUEST		Create And Delete Article	1683901822557	1683901822919	OK	 
REQUEST		Create And Delete Article	1683901822557	1683901822919	OK	 
REQUEST		DELETE api/articles/{articleId}	1683901827940	1683901828089	OK	 
REQUEST		DELETE api/articles/{articleId}	1683901827940	1683901828089	OK	 
USER	Create An Article	END	1683901828089
USER	Create An Article	END	1683901828089
REQUEST		Create And Delete Article	1683901822841	1683901822977	OK	 
REQUEST		DELETE api/articles/{articleId}	1683901827997	1683901828133	OK	 
USER	Create An Article	END	1683901828133
REQUEST		Create And Delete Article	1683901823010	1683901823136	OK	 
REQUEST		DELETE api/articles/{articleId}	1683901828155	1683901828291	OK	 
USER	Create An Article	END	1683901828292
REQUEST		Create And Delete Article	1683901823177	1683901823312	OK	 
REQUEST		DELETE api/articles/{articleId}	1683901828341	1683901828476	OK	 
USER	Create An Article	END	1683901828475
REQUEST		Create And Delete Article	1683901823323	1683901823466	OK	 
REQUEST		DELETE api/articles/{articleId}	1683901828480	1683901828608	OK	 
USER	Create An Article	END	1683901828608
REQUEST		Create And Delete Article	1683901823525	1683901823658	OK	 
REQUEST		DELETE api/articles/{articleId}	1683901828681	1683901828806	OK	 
USER	Create An Article	END	1683901828805
REQUEST		Create And Delete Article	1683901823663	1683901823788	OK	 
REQUEST		DELETE api/articles/{articleId}	1683901828808	1683901828945	OK	 
USER	Create An Article	END	1683901828944
REQUEST		Create And Delete Article	1683901823941	1683901824069	OK	 
REQUEST		DELETE api/articles/{articleId}	1683901829089	1683901829224	OK	 
USER	Create An Article	END	1683901829223
REQUEST		Create And Delete Article	1683901823946	1683901824102	OK	 
REQUEST		DELETE api/articles/{articleId}	1683901829121	1683901829258	OK	 
USER	Create An Article	END	1683901829258
REQUEST		Create And Delete Article	1683901824232	1683901824362	OK	 
REQUEST		DELETE api/articles/{articleId}	1683901829369	1683901829495	OK	 
USER	Create An Article	END	1683901829495
REQUEST		Create And Delete Article	1683901824389	1683901824518	OK	 
REQUEST		DELETE api/articles/{articleId}	1683901829543	1683901829675	OK	 
USER	Create An Article	END	1683901829674
REQUEST		Create And Delete Article	1683901824663	1683901824797	OK	 
REQUEST		DELETE api/articles/{articleId}	1683901829813	1683901829949	OK	 
USER	Create An Article	END	1683901829948
REQUEST		Create And Delete Article	1683901824670	1683901824803	OK	 
REQUEST		Create And Delete Article	1683901824665	1683901824797	OK	 
REQUEST		DELETE api/articles/{articleId}	1683901829813	1683901829955	OK	 
REQUEST		DELETE api/articles/{articleId}	1683901829813	1683901829955	OK	 
USER	Create An Article	END	1683901829954
USER	Create An Article	END	1683901829954
REQUEST		Create And Delete Article	1683901824676	1683901824810	OK	 
REQUEST		DELETE api/articles/{articleId}	1683901829825	1683901829958	OK	 
USER	Create An Article	END	1683901829957
REQUEST		Create And Delete Article	1683901824849	1683901824983	OK	 
REQUEST		DELETE api/articles/{articleId}	1683901829996	1683901830129	OK	 
USER	Create An Article	END	1683901830129
REQUEST		Create And Delete Article	1683901824862	1683901824990	OK	 
REQUEST		DELETE api/articles/{articleId}	1683901830015	1683901830155	OK	 
USER	Create An Article	END	1683901830156
REQUEST		Create And Delete Article	1683901825020	1683901825146	OK	 
REQUEST		DELETE api/articles/{articleId}	1683901830169	1683901830306	OK	 
USER	Create An Article	END	1683901830305
REQUEST		Create And Delete Article	1683901825208	1683901825331	OK	 
REQUEST		DELETE api/articles/{articleId}	1683901830355	1683901830495	OK	 
USER	Create An Article	END	1683901830495
REQUEST		Create And Delete Article	1683901825367	1683901825496	OK	 
REQUEST		DELETE api/articles/{articleId}	1683901830508	1683901830703	OK	 
USER	Create An Article	END	1683901830702
REQUEST		Create And Delete Article	1683901825622	1683901825760	OK	 
REQUEST		DELETE api/articles/{articleId}	1683901830775	1683901830921	OK	 
USER	Create An Article	END	1683901830921
REQUEST		Create And Delete Article	1683901825631	1683901825774	OK	 
REQUEST		DELETE api/articles/{articleId}	1683901830791	1683901830933	OK	 
USER	Create An Article	END	1683901830932
REQUEST		Create And Delete Article	1683901825631	1683901825811	OK	 
REQUEST		DELETE api/articles/{articleId}	1683901830824	1683901830953	OK	 
USER	Create An Article	END	1683901830952
REQUEST		Create And Delete Article	1683901825841	1683901825974	OK	 
REQUEST		DELETE api/articles/{articleId}	1683901830992	1683901831123	OK	 
USER	Create An Article	END	1683901831122
REQUEST		Create And Delete Article	1683901826000	1683901826119	OK	 
REQUEST		DELETE api/articles/{articleId}	1683901831132	1683901831267	OK	 
USER	Create An Article	END	1683901831266
REQUEST		Create And Delete Article	1683901826203	1683901826343	OK	 
REQUEST		DELETE api/articles/{articleId}	1683901831365	1683901831501	OK	 
USER	Create An Article	END	1683901831500
REQUEST		Create And Delete Article	1683901826499	1683901826627	OK	 
REQUEST		DELETE api/articles/{articleId}	1683901831660	1683901831796	OK	 
USER	Create An Article	END	1683901831796
REQUEST		Create And Delete Article	1683901826500	1683901826630	OK	 
REQUEST		DELETE api/articles/{articleId}	1683901831660	1683901831800	OK	 
USER	Create An Article	END	1683901831798
