RUN	performanceRunners.CDArticleSimulation	cdarticlesimulation	1683898138955	 	3.7.4
USER	Create An Article	START	1683898139176
USER	Create An Article	START	1683898143137
USER	Create An Article	START	1683898144148
USER	Create An Article	START	1683898145144
REQUEST		Create And Delete Article	1683898139749	1683898139992	OK	 
REQUEST		DELETE api/articles/{articleId}	1683898145038	1683898145277	OK	 
USER	Create An Article	END	1683898145287
USER	Create An Article	START	1683898146142
USER	Create An Article	START	1683898147151
USER	Create An Article	START	1683898148150
REQUEST		Create And Delete Article	1683898143220	1683898143442	OK	 
REQUEST		DELETE api/articles/{articleId}	1683898148464	1683898148674	OK	 
USER	Create An Article	END	1683898148675
USER	Create An Article	START	1683898149145
REQUEST		Create And Delete Article	1683898144235	1683898144430	OK	 
REQUEST		DELETE api/articles/{articleId}	1683898149460	1683898149591	OK	 
USER	Create An Article	END	1683898149593
USER	Create An Article	START	1683898150156
REQUEST		Create And Delete Article	1683898145196	1683898145367	OK	 
REQUEST		DELETE api/articles/{articleId}	1683898150392	1683898150578	OK	 
USER	Create An Article	END	1683898150581
USER	Create An Article	START	1683898151138
REQUEST		Create And Delete Article	1683898146193	1683898146329	OK	 
REQUEST		DELETE api/articles/{articleId}	1683898151361	1683898151498	OK	 
USER	Create An Article	END	1683898151500
USER	Create An Article	START	1683898152149
REQUEST		Create And Delete Article	1683898147210	1683898147356	OK	 
REQUEST		DELETE api/articles/{articleId}	1683898152372	1683898152544	OK	 
USER	Create An Article	END	1683898152546
USER	Create An Article	START	1683898153145
REQUEST		Create And Delete Article	1683898148177	1683898148310	OK	 
REQUEST		DELETE api/articles/{articleId}	1683898153337	1683898153468	OK	 
USER	Create An Article	END	1683898153470
USER	Create An Article	START	1683898153645
USER	Create An Article	START	1683898154149
REQUEST		Create And Delete Article	1683898149188	1683898149336	OK	 
REQUEST		DELETE api/articles/{articleId}	1683898154367	1683898154558	OK	 
USER	Create An Article	END	1683898154560
USER	Create An Article	START	1683898154641
USER	Create An Article	START	1683898155152
REQUEST		Create And Delete Article	1683898150219	1683898150356	OK	 
REQUEST		DELETE api/articles/{articleId}	1683898155371	1683898155575	OK	 
USER	Create An Article	END	1683898155576
USER	Create An Article	START	1683898155648
USER	Create An Article	START	1683898156147
REQUEST		Create And Delete Article	1683898151165	1683898151313	OK	 
REQUEST		DELETE api/articles/{articleId}	1683898156338	1683898156477	OK	 
USER	Create An Article	END	1683898156479
USER	Create An Article	START	1683898156648
USER	Create An Article	START	1683898157146
USER	Create An Article	START	1683898157642
REQUEST		Create And Delete Article	1683898152206	1683898152447	OK	 
REQUEST		DELETE api/articles/{articleId}	1683898157475	1683898157697	OK	 
USER	Create An Article	END	1683898157698
USER	Create An Article	START	1683898158140
REQUEST		Create And Delete Article	1683898153168	1683898153300	OK	 
REQUEST		DELETE api/articles/{articleId}	1683898158315	1683898158463	OK	 
USER	Create An Article	END	1683898158463
USER	Create An Article	START	1683898158650
USER	Create An Article	START	1683898159151
REQUEST		Create And Delete Article	1683898153667	1683898154066	OK	 
REQUEST		DELETE api/articles/{articleId}	1683898159090	1683898159221	OK	 
USER	Create An Article	END	1683898159223
REQUEST		Create And Delete Article	1683898154190	1683898154431	OK	 
REQUEST		DELETE api/articles/{articleId}	1683898159450	1683898159577	OK	 
USER	Create An Article	END	1683898159579
USER	Create An Article	START	1683898159650
REQUEST		Create And Delete Article	1683898154659	1683898154893	OK	 
REQUEST		DELETE api/articles/{articleId}	1683898159919	1683898160074	OK	 
USER	Create An Article	END	1683898160074
USER	Create An Article	START	1683898160137
REQUEST		Create And Delete Article	1683898155189	1683898155340	OK	 
REQUEST		DELETE api/articles/{articleId}	1683898160363	1683898160538	OK	 
USER	Create An Article	END	1683898160540
USER	Create An Article	START	1683898160636
REQUEST		Create And Delete Article	1683898155698	1683898155837	OK	 
REQUEST		DELETE api/articles/{articleId}	1683898160858	1683898160994	OK	 
USER	Create An Article	END	1683898160996
USER	Create An Article	START	1683898161149
REQUEST		Create And Delete Article	1683898156172	1683898156315	OK	 
REQUEST		DELETE api/articles/{articleId}	1683898161326	1683898161500	OK	 
USER	Create An Article	END	1683898161501
USER	Create An Article	START	1683898161649
REQUEST		Create And Delete Article	1683898156674	1683898156815	OK	 
REQUEST		DELETE api/articles/{articleId}	1683898161837	1683898161971	OK	 
USER	Create An Article	END	1683898161972
USER	Create An Article	START	1683898162147
USER	Create An Article	START	1683898162647
REQUEST		Create And Delete Article	1683898157666	1683898157804	OK	 
REQUEST		DELETE api/articles/{articleId}	1683898162820	1683898162951	OK	 
USER	Create An Article	END	1683898162952
USER	Create An Article	START	1683898163141
REQUEST		Create And Delete Article	1683898158160	1683898158332	OK	 
REQUEST		DELETE api/articles/{articleId}	1683898163347	1683898163479	OK	 
USER	Create An Article	END	1683898163480
REQUEST		Create And Delete Article	1683898157169	1683898158347	OK	 
REQUEST		DELETE api/articles/{articleId}	1683898163363	1683898163497	OK	 
USER	Create An Article	END	1683898163498
USER	Create An Article	START	1683898163639
REQUEST		Create And Delete Article	1683898158669	1683898158824	OK	 
REQUEST		DELETE api/articles/{articleId}	1683898163844	1683898164000	OK	 
USER	Create An Article	END	1683898164001
USER	Create An Article	START	1683898164136
USER	Create An Article	START	1683898164481
REQUEST		Create And Delete Article	1683898159204	1683898159344	OK	 
REQUEST		DELETE api/articles/{articleId}	1683898164359	1683898164524	OK	 
USER	Create An Article	END	1683898164525
USER	Create An Article	START	1683898164808
REQUEST		Create And Delete Article	1683898159668	1683898159802	OK	 
REQUEST		DELETE api/articles/{articleId}	1683898164812	1683898164950	OK	 
USER	Create An Article	END	1683898164951
USER	Create An Article	START	1683898165150
USER	Create An Article	START	1683898165481
REQUEST		Create And Delete Article	1683898160216	1683898160349	OK	 
REQUEST		DELETE api/articles/{articleId}	1683898165358	1683898165734	OK	 
USER	Create An Article	END	1683898165735
USER	Create An Article	START	1683898165803
REQUEST		Create And Delete Article	1683898160650	1683898160789	OK	 
REQUEST		DELETE api/articles/{articleId}	1683898165806	1683898165954	OK	 
USER	Create An Article	END	1683898165956
USER	Create An Article	START	1683898166145
USER	Create An Article	START	1683898166397
REQUEST		Create And Delete Article	1683898161166	1683898161314	OK	 
REQUEST		DELETE api/articles/{articleId}	1683898166338	1683898166564	OK	 
USER	Create An Article	END	1683898166566
USER	Create An Article	START	1683898166644
USER	Create An Article	START	1683898166893
USER	Create An Article	START	1683898167142
REQUEST		Create And Delete Article	1683898161663	1683898161944	OK	 
REQUEST		DELETE api/articles/{articleId}	1683898166959	1683898167196	OK	 
USER	Create An Article	END	1683898167197
USER	Create An Article	START	1683898167391
REQUEST		Create And Delete Article	1683898162160	1683898162322	OK	 
REQUEST		DELETE api/articles/{articleId}	1683898167332	1683898167482	OK	 
USER	Create An Article	END	1683898167483
USER	Create An Article	START	1683898167645
USER	Create An Article	START	1683898167894
REQUEST		Create And Delete Article	1683898162663	1683898162815	OK	 
REQUEST		DELETE api/articles/{articleId}	1683898167833	1683898167960	OK	 
USER	Create An Article	END	1683898167963
USER	Create An Article	START	1683898168144
USER	Create An Article	START	1683898168345
REQUEST		Create And Delete Article	1683898163155	1683898163283	OK	 
REQUEST		DELETE api/articles/{articleId}	1683898168301	1683898168440	OK	 
USER	Create An Article	END	1683898168441
USER	Create An Article	START	1683898168547
USER	Create An Article	START	1683898168745
USER	Create An Article	START	1683898168950
REQUEST		Create And Delete Article	1683898163657	1683898163804	OK	 
REQUEST		DELETE api/articles/{articleId}	1683898168813	1683898168981	OK	 
USER	Create An Article	END	1683898168982
USER	Create An Article	START	1683898169137
USER	Create An Article	START	1683898169340
REQUEST		Create And Delete Article	1683898164166	1683898164305	OK	 
REQUEST		DELETE api/articles/{articleId}	1683898169327	1683898169528	OK	 
USER	Create An Article	END	1683898169530
USER	Create An Article	START	1683898169542
USER	Create An Article	START	1683898169745
REQUEST		Create And Delete Article	1683898164518	1683898164680	OK	 
REQUEST		DELETE api/articles/{articleId}	1683898169704	1683898169945	OK	 
USER	Create An Article	END	1683898169946
USER	Create An Article	START	1683898169948
REQUEST		Create And Delete Article	1683898164824	1683898164982	OK	 
REQUEST		DELETE api/articles/{articleId}	1683898169997	1683898170141	OK	 
USER	Create An Article	END	1683898170142
USER	Create An Article	START	1683898170149
USER	Create An Article	START	1683898170327
USER	Create An Article	START	1683898170477
REQUEST		Create And Delete Article	1683898165165	1683898165364	OK	 
REQUEST		DELETE api/articles/{articleId}	1683898170392	1683898170558	OK	 
USER	Create An Article	END	1683898170560
USER	Create An Article	START	1683898170648
USER	Create An Article	START	1683898170818
REQUEST		Create And Delete Article	1683898165501	1683898165717	OK	 
REQUEST		DELETE api/articles/{articleId}	1683898170729	1683898170863	OK	 
USER	Create An Article	START	1683898170974
USER	Create An Article	START	1683898171145
REQUEST		Create And Delete Article	1683898165821	1683898166013	OK	 
REQUEST		DELETE api/articles/{articleId}	1683898171023	1683898171180	OK	 
USER	Create An Article	END	1683898170866
USER	Create An Article	END	1683898171181
USER	Create An Article	START	1683898171301
USER	Create An Article	START	1683898171473
REQUEST		Create And Delete Article	1683898166158	1683898166301	OK	 
REQUEST		DELETE api/articles/{articleId}	1683898171318	1683898171479	OK	 
USER	Create An Article	START	1683898171645
REQUEST		Create And Delete Article	1683898166444	1683898166585	OK	 
REQUEST		DELETE api/articles/{articleId}	1683898171616	1683898171746	OK	 
USER	Create An Article	END	1683898171481
USER	Create An Article	END	1683898171746
USER	Create An Article	START	1683898171816
USER	Create An Article	START	1683898171972
REQUEST		Create And Delete Article	1683898166661	1683898166850	OK	 
REQUEST		DELETE api/articles/{articleId}	1683898171864	1683898172013	OK	 
USER	Create An Article	START	1683898172144
REQUEST		Create And Delete Article	1683898166952	1683898167136	OK	 
REQUEST		DELETE api/articles/{articleId}	1683898172163	1683898172295	OK	 
REQUEST		Create And Delete Article	1683898167215	1683898167353	OK	 
REQUEST		DELETE api/articles/{articleId}	1683898172364	1683898172505	OK	 
REQUEST		Create And Delete Article	1683898167499	1683898167645	OK	 
REQUEST		DELETE api/articles/{articleId}	1683898172663	1683898172799	OK	 
USER	Create An Article	END	1683898172014
USER	Create An Article	END	1683898172296
USER	Create An Article	END	1683898172506
USER	Create An Article	START	1683898172801
USER	Create An Article	START	1683898172801
USER	Create An Article	START	1683898172801
USER	Create An Article	START	1683898172801
USER	Create An Article	END	1683898172800
USER	Create An Article	START	1683898172861
USER	Create An Article	START	1683898173001
REQUEST		Create And Delete Article	1683898167688	1683898167829	OK	 
REQUEST		DELETE api/articles/{articleId}	1683898172850	1683898173003	OK	 
USER	Create An Article	START	1683898173140
REQUEST		Create And Delete Article	1683898167976	1683898168098	OK	 
REQUEST		DELETE api/articles/{articleId}	1683898173112	1683898173246	OK	 
USER	Create An Article	START	1683898173280
USER	Create An Article	START	1683898173435
REQUEST		Create And Delete Article	1683898168179	1683898168307	OK	 
REQUEST		DELETE api/articles/{articleId}	1683898173330	1683898173493	OK	 
USER	Create An Article	START	1683898173576
USER	Create An Article	START	1683898173716
REQUEST		Create And Delete Article	1683898168461	1683898168607	OK	 
REQUEST		DELETE api/articles/{articleId}	1683898173625	1683898173834	OK	 
REQUEST		Create And Delete Article	1683898168658	1683898168787	OK	 
REQUEST		DELETE api/articles/{articleId}	1683898173813	1683898173973	OK	 
REQUEST		Create And Delete Article	1683898168832	1683898169026	OK	 
REQUEST		DELETE api/articles/{articleId}	1683898174047	1683898174229	OK	 
REQUEST		Create And Delete Article	1683898168995	1683898169156	OK	 
REQUEST		DELETE api/articles/{articleId}	1683898174172	1683898174358	OK	 
REQUEST		Create And Delete Article	1683898169192	1683898169326	OK	 
REQUEST		DELETE api/articles/{articleId}	1683898174344	1683898174524	OK	 
REQUEST		Create And Delete Article	1683898169543	1683898169679	OK	 
REQUEST		DELETE api/articles/{articleId}	1683898174699	1683898174846	OK	 
REQUEST		Create And Delete Article	1683898169720	1683898169866	OK	 
REQUEST		DELETE api/articles/{articleId}	1683898174886	1683898175018	OK	 
REQUEST		Create And Delete Article	1683898169957	1683898170094	OK	 
REQUEST		DELETE api/articles/{articleId}	1683898175104	1683898175294	OK	 
REQUEST		Create And Delete Article	1683898170154	1683898170290	OK	 
REQUEST		DELETE api/articles/{articleId}	1683898175307	1683898175430	OK	 
USER	Create An Article	END	1683898173003
USER	Create An Article	END	1683898173246
USER	Create An Article	END	1683898173494
USER	Create An Article	END	1683898173836
USER	Create An Article	END	1683898173974
USER	Create An Article	END	1683898174230
USER	Create An Article	START	1683898175432
USER	Create An Article	START	1683898175432
USER	Create An Article	START	1683898175432
USER	Create An Article	START	1683898175432
USER	Create An Article	START	1683898175432
USER	Create An Article	START	1683898175432
USER	Create An Article	START	1683898175432
USER	Create An Article	START	1683898175432
USER	Create An Article	START	1683898175432
USER	Create An Article	START	1683898175433
USER	Create An Article	START	1683898175433
USER	Create An Article	START	1683898175433
USER	Create An Article	START	1683898175433
USER	Create An Article	END	1683898174359
USER	Create An Article	END	1683898174524
USER	Create An Article	END	1683898174847
USER	Create An Article	END	1683898175020
USER	Create An Article	END	1683898175295
USER	Create An Article	END	1683898175431
USER	Create An Article	START	1683898175523
REQUEST		Create And Delete Article	1683898170350	1683898170499	OK	 
REQUEST		DELETE api/articles/{articleId}	1683898175511	1683898175643	OK	 
USER	Create An Article	START	1683898175646
USER	Create An Article	START	1683898175771
USER	Create An Article	START	1683898175895
REQUEST		Create And Delete Article	1683898170582	1683898170734	OK	 
REQUEST		DELETE api/articles/{articleId}	1683898175743	1683898175898	OK	 
USER	Create An Article	START	1683898176021
USER	Create An Article	START	1683898176148
REQUEST		Create And Delete Article	1683898170877	1683898171013	OK	 
REQUEST		DELETE api/articles/{articleId}	1683898176024	1683898176149	OK	 
USER	Create An Article	START	1683898176259
USER	Create An Article	START	1683898176368
REQUEST		Create And Delete Article	1683898171046	1683898171181	OK	 
REQUEST		DELETE api/articles/{articleId}	1683898176199	1683898176411	OK	 
REQUEST		Create And Delete Article	1683898171194	1683898171324	OK	 
REQUEST		DELETE api/articles/{articleId}	1683898176339	1683898176495	OK	 
REQUEST		Create And Delete Article	1683898171489	1683898171631	OK	 
REQUEST		DELETE api/articles/{articleId}	1683898176648	1683898176819	OK	 
REQUEST		Create And Delete Article	1683898171779	1683898171934	OK	 
REQUEST		DELETE api/articles/{articleId}	1683898176947	1683898177133	OK	 
REQUEST		Create And Delete Article	1683898172022	1683898172187	OK	 
REQUEST		DELETE api/articles/{articleId}	1683898177196	1683898177414	OK	 
REQUEST		Create And Delete Article	1683898172305	1683898172432	OK	 
REQUEST		DELETE api/articles/{articleId}	1683898177443	1683898177619	OK	 
REQUEST		Create And Delete Article	1683898172516	1683898172661	OK	 
REQUEST		DELETE api/articles/{articleId}	1683898177675	1683898177836	OK	 
REQUEST		Create And Delete Article	1683898172816	1683898172991	OK	 
REQUEST		DELETE api/articles/{articleId}	1683898177999	1683898178161	OK	 
REQUEST		Create And Delete Article	1683898173015	1683898173139	OK	 
REQUEST		DELETE api/articles/{articleId}	1683898178154	1683898178286	OK	 
REQUEST		Create And Delete Article	1683898173254	1683898173418	OK	 
REQUEST		DELETE api/articles/{articleId}	1683898178435	1683898178620	OK	 
REQUEST		Create And Delete Article	1683898173503	1683898173686	OK	 
REQUEST		DELETE api/articles/{articleId}	1683898178698	1683898178848	OK	 
REQUEST		Create And Delete Article	1683898173846	1683898173978	OK	 
REQUEST		DELETE api/articles/{articleId}	1683898178992	1683898179115	OK	 
REQUEST		Create And Delete Article	1683898173987	1683898174112	OK	 
REQUEST		DELETE api/articles/{articleId}	1683898179130	1683898179277	OK	 
REQUEST		Create And Delete Article	1683898174372	1683898174573	OK	 
REQUEST		DELETE api/articles/{articleId}	1683898179581	1683898179838	OK	 
REQUEST		Create And Delete Article	1683898174535	1683898174684	OK	 
REQUEST		DELETE api/articles/{articleId}	1683898179704	1683898179852	OK	 
USER	Create An Article	END	1683898175644
USER	Create An Article	END	1683898175899
USER	Create An Article	END	1683898176150
USER	Create An Article	END	1683898176412
USER	Create An Article	END	1683898176496
USER	Create An Article	END	1683898176820
USER	Create An Article	END	1683898177133
USER	Create An Article	END	1683898177414
USER	Create An Article	END	1683898177620
USER	Create An Article	END	1683898177837
USER	Create An Article	END	1683898178162
USER	Create An Article	END	1683898178287
USER	Create An Article	START	1683898179854
USER	Create An Article	START	1683898179854
USER	Create An Article	START	1683898179854
USER	Create An Article	START	1683898179854
USER	Create An Article	START	1683898179855
USER	Create An Article	START	1683898179855
USER	Create An Article	START	1683898179855
USER	Create An Article	START	1683898179855
USER	Create An Article	START	1683898179855
USER	Create An Article	START	1683898179855
USER	Create An Article	START	1683898179855
USER	Create An Article	START	1683898179855
USER	Create An Article	START	1683898179855
USER	Create An Article	START	1683898179855
USER	Create An Article	START	1683898179855
USER	Create An Article	START	1683898179855
USER	Create An Article	START	1683898179855
USER	Create An Article	START	1683898179855
USER	Create An Article	START	1683898179856
USER	Create An Article	START	1683898179856
USER	Create An Article	START	1683898179856
USER	Create An Article	START	1683898179856
USER	Create An Article	START	1683898179856
USER	Create An Article	START	1683898179856
USER	Create An Article	START	1683898179856
USER	Create An Article	START	1683898179856
USER	Create An Article	START	1683898179856
USER	Create An Article	START	1683898179856
USER	Create An Article	START	1683898179856
USER	Create An Article	START	1683898179856
USER	Create An Article	START	1683898179856
USER	Create An Article	START	1683898179856
USER	Create An Article	START	1683898179856
USER	Create An Article	END	1683898178621
USER	Create An Article	END	1683898178848
USER	Create An Article	END	1683898179115
USER	Create An Article	END	1683898179278
USER	Create An Article	END	1683898179839
USER	Create An Article	END	1683898179853
USER	Create An Article	START	1683898179951
USER	Create An Article	START	1683898180046
REQUEST		Create And Delete Article	1683898174760	1683898174888	OK	 
REQUEST		DELETE api/articles/{articleId}	1683898179909	1683898180069	OK	 
USER	Create An Article	START	1683898180139
REQUEST		Create And Delete Article	1683898174855	1683898174986	OK	 
REQUEST		DELETE api/articles/{articleId}	1683898180000	1683898180140	OK	 
USER	Create An Article	END	1683898180070
USER	Create An Article	END	1683898180141
USER	Create An Article	START	1683898180232
USER	Create An Article	START	1683898180326
REQUEST		Create And Delete Article	1683898175029	1683898175153	OK	 
REQUEST		DELETE api/articles/{articleId}	1683898180177	1683898180333	OK	 
USER	Create An Article	START	1683898180418
USER	Create An Article	START	1683898180515
USER	Create An Article	START	1683898180594
REQUEST		Create And Delete Article	1683898174271	1683898174435	OK	 
REQUEST		DELETE api/articles/{articleId}	1683898179455	1683898180609	OK	 
REQUEST		Create And Delete Article	1683898175304	1683898175448	OK	 
REQUEST		DELETE api/articles/{articleId}	1683898180467	1683898180672	OK	 
USER	Create An Article	START	1683898180697
REQUEST		Create And Delete Article	1683898175451	1683898175575	OK	 
REQUEST		DELETE api/articles/{articleId}	1683898180590	1683898180719	OK	 
USER	Create An Article	START	1683898180777
USER	Create An Article	START	1683898180870
USER	Create An Article	START	1683898180962
REQUEST		Create And Delete Article	1683898175652	1683898175852	OK	 
REQUEST		DELETE api/articles/{articleId}	1683898180872	1683898180997	OK	 
USER	Create An Article	START	1683898181056
USER	Create An Article	START	1683898181136
REQUEST		Create And Delete Article	1683898175907	1683898176054	OK	 
REQUEST		DELETE api/articles/{articleId}	1683898181074	1683898181227	OK	 
REQUEST		Create And Delete Article	1683898176158	1683898176286	OK	 
REQUEST		DELETE api/articles/{articleId}	1683898181291	1683898181444	OK	 
REQUEST		Create And Delete Article	1683898176424	1683898176588	OK	 
REQUEST		DELETE api/articles/{articleId}	1683898181603	1683898181763	OK	 
REQUEST		Create And Delete Article	1683898176504	1683898176646	OK	 
REQUEST		DELETE api/articles/{articleId}	1683898181665	1683898181833	OK	 
REQUEST		Create And Delete Article	1683898176830	1683898177052	OK	 
REQUEST		DELETE api/articles/{articleId}	1683898182067	1683898182198	OK	 
REQUEST		Create And Delete Article	1683898177141	1683898177305	OK	 
REQUEST		DELETE api/articles/{articleId}	1683898182317	1683898182471	OK	 
REQUEST		Create And Delete Article	1683898177422	1683898177568	OK	 
REQUEST		Create And Delete Article	1683898177629	1683898177771	OK	 
REQUEST		DELETE api/articles/{articleId}	1683898182581	1683898182974	OK	 
REQUEST		DELETE api/articles/{articleId}	1683898182785	1683898182974	OK	 
REQUEST		Create And Delete Article	1683898177854	1683898178058	OK	 
REQUEST		DELETE api/articles/{articleId}	1683898183079	1683898183228	OK	 
REQUEST		Create And Delete Article	1683898178170	1683898178312	OK	 
REQUEST		DELETE api/articles/{articleId}	1683898183330	1683898183470	OK	 
REQUEST		Create And Delete Article	1683898178301	1683898178496	OK	 
REQUEST		DELETE api/articles/{articleId}	1683898183518	1683898183743	OK	 
REQUEST		Create And Delete Article	1683898178631	1683898178784	OK	 
REQUEST		DELETE api/articles/{articleId}	1683898183797	1683898183998	OK	 
REQUEST		Create And Delete Article	1683898178856	1683898178974	OK	 
REQUEST		DELETE api/articles/{articleId}	1683898183998	1683898184132	OK	 
REQUEST		Create And Delete Article	1683898179007	1683898179157	OK	 
REQUEST		DELETE api/articles/{articleId}	1683898184167	1683898184347	OK	 
REQUEST		Create And Delete Article	1683898179123	1683898179277	OK	 
REQUEST		DELETE api/articles/{articleId}	1683898184292	1683898184433	OK	 
REQUEST		Create And Delete Article	1683898179287	1683898179421	OK	 
REQUEST		DELETE api/articles/{articleId}	1683898184431	1683898184600	OK	 
REQUEST		Create And Delete Article	1683898179451	1683898179636	OK	 
REQUEST		DELETE api/articles/{articleId}	1683898184650	1683898184787	OK	 
REQUEST		Create And Delete Article	1683898179873	1683898180046	OK	 
REQUEST		DELETE api/articles/{articleId}	1683898185057	1683898185253	OK	 
REQUEST		Create And Delete Article	1683898179853	1683898180054	OK	 
REQUEST		DELETE api/articles/{articleId}	1683898185073	1683898185265	OK	 
REQUEST		Create And Delete Article	1683898180079	1683898180223	OK	 
REQUEST		DELETE api/articles/{articleId}	1683898185243	1683898185380	OK	 
REQUEST		Create And Delete Article	1683898180222	1683898180369	OK	 
REQUEST		DELETE api/articles/{articleId}	1683898185384	1683898185512	OK	 
REQUEST		Create And Delete Article	1683898180342	1683898180479	OK	 
REQUEST		DELETE api/articles/{articleId}	1683898185493	1683898185627	OK	 
USER	Create An Article	END	1683898180334
USER	Create An Article	END	1683898180610
USER	Create An Article	END	1683898180673
USER	Create An Article	END	1683898180720
USER	Create An Article	END	1683898180999
USER	Create An Article	END	1683898181228
USER	Create An Article	END	1683898181444
USER	Create An Article	END	1683898181764
USER	Create An Article	END	1683898181834
USER	Create An Article	END	1683898182198
USER	Create An Article	END	1683898182472
USER	Create An Article	END	1683898182974
USER	Create An Article	END	1683898182974
USER	Create An Article	END	1683898183230
USER	Create An Article	END	1683898183470
USER	Create An Article	END	1683898183744
USER	Create An Article	END	1683898183998
USER	Create An Article	END	1683898184132
USER	Create An Article	END	1683898184348
USER	Create An Article	END	1683898184433
USER	Create An Article	END	1683898184601
USER	Create An Article	END	1683898184789
USER	Create An Article	START	1683898185629
USER	Create An Article	START	1683898185629
USER	Create An Article	START	1683898185629
USER	Create An Article	START	1683898185629
USER	Create An Article	START	1683898185629
USER	Create An Article	START	1683898185629
USER	Create An Article	START	1683898185629
USER	Create An Article	START	1683898185630
USER	Create An Article	START	1683898185630
USER	Create An Article	START	1683898185630
USER	Create An Article	START	1683898185630
USER	Create An Article	START	1683898185630
USER	Create An Article	START	1683898185630
USER	Create An Article	START	1683898185630
USER	Create An Article	START	1683898185630
USER	Create An Article	START	1683898185630
USER	Create An Article	START	1683898185631
USER	Create An Article	START	1683898185631
USER	Create An Article	START	1683898185631
USER	Create An Article	START	1683898185631
USER	Create An Article	START	1683898185631
USER	Create An Article	START	1683898185636
USER	Create An Article	END	1683898185254
USER	Create An Article	END	1683898185266
USER	Create An Article	END	1683898185381
USER	Create An Article	END	1683898185513
USER	Create An Article	END	1683898185627
REQUEST		Create And Delete Article	1683898180683	1683898180817	OK	 
REQUEST		DELETE api/articles/{articleId}	1683898185833	1683898185974	OK	 
USER	Create An Article	END	1683898185974
REQUEST		Create And Delete Article	1683898180619	1683898180756	OK	 
REQUEST		DELETE api/articles/{articleId}	1683898185771	1683898186017	OK	 
USER	Create An Article	END	1683898186018
REQUEST		Create And Delete Article	1683898180729	1683898180870	OK	 
REQUEST		DELETE api/articles/{articleId}	1683898185881	1683898186086	OK	 
USER	Create An Article	END	1683898186087
REQUEST		Create And Delete Article	1683898181007	1683898181209	OK	 
REQUEST		DELETE api/articles/{articleId}	1683898186227	1683898186357	OK	 
USER	Create An Article	END	1683898186357
REQUEST		Create And Delete Article	1683898181237	1683898181368	OK	 
REQUEST		DELETE api/articles/{articleId}	1683898186382	1683898186586	OK	 
REQUEST		Create And Delete Article	1683898181454	1683898181604	OK	 
REQUEST		DELETE api/articles/{articleId}	1683898186617	1683898186749	OK	 
REQUEST		Create And Delete Article	1683898181773	1683898181993	OK	 
REQUEST		DELETE api/articles/{articleId}	1683898187007	1683898187171	OK	 
REQUEST		Create And Delete Article	1683898181842	1683898182025	OK	 
REQUEST		DELETE api/articles/{articleId}	1683898187035	1683898187180	OK	 
REQUEST		Create And Delete Article	1683898182056	1683898182183	OK	 
REQUEST		DELETE api/articles/{articleId}	1683898187206	1683898187340	OK	 
USER	Create An Article	END	1683898186587
USER	Create An Article	END	1683898186749
USER	Create An Article	END	1683898187172
USER	Create An Article	END	1683898187181
USER	Create An Article	END	1683898187341
REQUEST		Create And Delete Article	1683898182206	1683898182326	OK	 
REQUEST		DELETE api/articles/{articleId}	1683898187348	1683898187484	OK	 
REQUEST		Create And Delete Article	1683898182480	1683898182602	OK	 
REQUEST		DELETE api/articles/{articleId}	1683898187609	1683898187753	OK	 
REQUEST		Create And Delete Article	1683898182984	1683898183149	OK	 
REQUEST		DELETE api/articles/{articleId}	1683898188158	1683898188295	OK	 
REQUEST		Create And Delete Article	1683898182984	1683898183155	OK	 
REQUEST		DELETE api/articles/{articleId}	1683898188172	1683898188304	OK	 
REQUEST		Create And Delete Article	1683898183246	1683898183371	OK	 
REQUEST		DELETE api/articles/{articleId}	1683898188390	1683898188608	OK	 
REQUEST		Create And Delete Article	1683898183479	1683898183682	OK	 
REQUEST		DELETE api/articles/{articleId}	1683898188689	1683898188826	OK	 
REQUEST		Create And Delete Article	1683898183752	1683898183998	OK	 
REQUEST		DELETE api/articles/{articleId}	1683898189015	1683898189166	OK	 
REQUEST		Create And Delete Article	1683898184008	1683898184152	OK	 
REQUEST		DELETE api/articles/{articleId}	1683898189172	1683898189375	OK	 
REQUEST		Create And Delete Article	1683898184140	1683898184284	OK	 
REQUEST		DELETE api/articles/{articleId}	1683898189297	1683898189433	OK	 
REQUEST		Create And Delete Article	1683898184355	1683898184494	OK	 
REQUEST		DELETE api/articles/{articleId}	1683898189515	1683898189681	OK	 
REQUEST		Create And Delete Article	1683898184442	1683898184600	OK	 
REQUEST		DELETE api/articles/{articleId}	1683898189623	1683898189866	OK	 
REQUEST		Create And Delete Article	1683898184613	1683898184845	OK	 
REQUEST		DELETE api/articles/{articleId}	1683898189857	1683898190013	OK	 
REQUEST		Create And Delete Article	1683898184801	1683898184942	OK	 
REQUEST		DELETE api/articles/{articleId}	1683898189966	1683898190123	OK	 
REQUEST		Create And Delete Article	1683898184985	1683898185102	OK	 
REQUEST		DELETE api/articles/{articleId}	1683898190124	1683898190374	OK	 
REQUEST		Create And Delete Article	1683898185265	1683898185396	OK	 
REQUEST		DELETE api/articles/{articleId}	1683898190407	1683898190558	OK	 
REQUEST		Create And Delete Article	1683898185278	1683898185409	OK	 
REQUEST		DELETE api/articles/{articleId}	1683898190423	1683898190633	OK	 
REQUEST		Create And Delete Article	1683898185390	1683898185518	OK	 
REQUEST		DELETE api/articles/{articleId}	1683898190533	1683898190661	OK	 
USER	Create An Article	END	1683898187486
USER	Create An Article	END	1683898187753
USER	Create An Article	END	1683898188295
USER	Create An Article	END	1683898188305
USER	Create An Article	END	1683898188608
USER	Create An Article	END	1683898188827
USER	Create An Article	END	1683898189168
USER	Create An Article	END	1683898189376
USER	Create An Article	END	1683898189433
USER	Create An Article	END	1683898189681
USER	Create An Article	END	1683898189867
USER	Create An Article	END	1683898190016
USER	Create An Article	END	1683898190124
USER	Create An Article	END	1683898190374
USER	Create An Article	END	1683898190560
USER	Create An Article	END	1683898190634
USER	Create An Article	END	1683898190662
REQUEST		Create And Delete Article	1683898185522	1683898185656	OK	 
REQUEST		DELETE api/articles/{articleId}	1683898190674	1683898190860	OK	 
REQUEST		Create And Delete Article	1683898185647	1683898185831	OK	 
REQUEST		DELETE api/articles/{articleId}	1683898190846	1683898191053	OK	 
REQUEST		Create And Delete Article	1683898185985	1683898186166	OK	 
REQUEST		DELETE api/articles/{articleId}	1683898191172	1683898191300	OK	 
REQUEST		Create And Delete Article	1683898186028	1683898186184	OK	 
REQUEST		DELETE api/articles/{articleId}	1683898191204	1683898191350	OK	 
REQUEST		Create And Delete Article	1683898186097	1683898186286	OK	 
REQUEST		DELETE api/articles/{articleId}	1683898191298	1683898191425	OK	 
REQUEST		Create And Delete Article	1683898186386	1683898186533	OK	 
REQUEST		DELETE api/articles/{articleId}	1683898191549	1683898191685	OK	 
REQUEST		Create And Delete Article	1683898186596	1683898186738	OK	 
REQUEST		DELETE api/articles/{articleId}	1683898191751	1683898191908	OK	 
REQUEST		Create And Delete Article	1683898186757	1683898186884	OK	 
REQUEST		DELETE api/articles/{articleId}	1683898191894	1683898192124	OK	 
REQUEST		Create And Delete Article	1683898186931	1683898187151	OK	 
REQUEST		DELETE api/articles/{articleId}	1683898192173	1683898192393	OK	 
REQUEST		Create And Delete Article	1683898187183	1683898187317	OK	 
REQUEST		DELETE api/articles/{articleId}	1683898192326	1683898192513	OK	 
USER	Create An Article	END	1683898190862
USER	Create An Article	END	1683898191055
USER	Create An Article	END	1683898191301
USER	Create An Article	END	1683898191350
USER	Create An Article	END	1683898191425
USER	Create An Article	START	1683898192514
USER	Create An Article	START	1683898192514
USER	Create An Article	START	1683898192514
USER	Create An Article	START	1683898192514
USER	Create An Article	START	1683898192514
USER	Create An Article	END	1683898191686
USER	Create An Article	END	1683898191911
USER	Create An Article	END	1683898192125
USER	Create An Article	END	1683898192394
USER	Create An Article	END	1683898192513
REQUEST		Create And Delete Article	1683898187196	1683898187335	OK	 
REQUEST		DELETE api/articles/{articleId}	1683898192356	1683898192521	OK	 
USER	Create An Article	END	1683898192521
REQUEST		Create And Delete Article	1683898187496	1683898187615	OK	 
REQUEST		DELETE api/articles/{articleId}	1683898192620	1683898192822	OK	 
USER	Create An Article	END	1683898192823
REQUEST		Create And Delete Article	1683898187354	1683898187485	OK	 
REQUEST		DELETE api/articles/{articleId}	1683898192497	1683898192869	OK	 
USER	Create An Article	END	1683898192869
REQUEST		Create And Delete Article	1683898187762	1683898187978	OK	 
REQUEST		DELETE api/articles/{articleId}	1683898192995	1683898193127	OK	 
USER	Create An Article	END	1683898193128
REQUEST		Create And Delete Article	1683898188003	1683898188138	OK	 
REQUEST		DELETE api/articles/{articleId}	1683898193164	1683898193302	OK	 
USER	Create An Article	END	1683898193303
REQUEST		Create And Delete Article	1683898188167	1683898188303	OK	 
REQUEST		DELETE api/articles/{articleId}	1683898193317	1683898193453	OK	 
USER	Create An Article	END	1683898193453
REQUEST		Create And Delete Article	1683898188303	1683898188429	OK	 
REQUEST		DELETE api/articles/{articleId}	1683898193442	1683898193641	OK	 
USER	Create An Article	END	1683898193643
REQUEST		Create And Delete Article	1683898188317	1683898188489	OK	 
REQUEST		DELETE api/articles/{articleId}	1683898193504	1683898193648	OK	 
USER	Create An Article	END	1683898193648
REQUEST		Create And Delete Article	1683898188617	1683898188738	OK	 
REQUEST		DELETE api/articles/{articleId}	1683898193752	1683898193961	OK	 
USER	Create An Article	END	1683898193961
REQUEST		Create And Delete Article	1683898188838	1683898188984	OK	 
REQUEST		DELETE api/articles/{articleId}	1683898194002	1683898194162	OK	 
USER	Create An Article	END	1683898194163
REQUEST		Create And Delete Article	1683898189011	1683898189166	OK	 
REQUEST		DELETE api/articles/{articleId}	1683898194188	1683898194311	OK	 
USER	Create An Article	END	1683898194313
REQUEST		Create And Delete Article	1683898189180	1683898189307	OK	 
REQUEST		DELETE api/articles/{articleId}	1683898194324	1683898194477	OK	 
USER	Create An Article	END	1683898194478
REQUEST		Create And Delete Article	1683898189386	1683898189521	OK	 
REQUEST		DELETE api/articles/{articleId}	1683898194542	1683898194689	OK	 
USER	Create An Article	END	1683898194690
REQUEST		Create And Delete Article	1683898189443	1683898189594	OK	 
REQUEST		DELETE api/articles/{articleId}	1683898194604	1683898194837	OK	 
USER	Create An Article	END	1683898194837
REQUEST		Create And Delete Article	1683898189689	1683898189947	OK	 
REQUEST		DELETE api/articles/{articleId}	1683898194962	1683898195174	OK	 
USER	Create An Article	END	1683898195174
REQUEST		Create And Delete Article	1683898189884	1683898190018	OK	 
REQUEST		DELETE api/articles/{articleId}	1683898195040	1683898195175	OK	 
USER	Create An Article	END	1683898195175
REQUEST		Create And Delete Article	1683898190137	1683898190374	OK	 
REQUEST		DELETE api/articles/{articleId}	1683898195620	1683898195779	OK	 
USER	Create An Article	END	1683898195780
REQUEST		Create And Delete Article	1683898190026	1683898190187	OK	 
REQUEST		DELETE api/articles/{articleId}	1683898195620	1683898195781	OK	 
USER	Create An Article	END	1683898195782
REQUEST		Create And Delete Article	1683898190644	1683898190818	OK	 
REQUEST		DELETE api/articles/{articleId}	1683898195835	1683898195966	OK	 
USER	Create An Article	END	1683898195967
REQUEST		Create And Delete Article	1683898190671	1683898190875	OK	 
REQUEST		DELETE api/articles/{articleId}	1683898195898	1683898196050	OK	 
USER	Create An Article	END	1683898196051
REQUEST		Create And Delete Article	1683898190617	1683898190860	OK	 
REQUEST		DELETE api/articles/{articleId}	1683898195883	1683898196054	OK	 
USER	Create An Article	END	1683898196054
REQUEST		Create And Delete Article	1683898190870	1683898191075	OK	 
REQUEST		DELETE api/articles/{articleId}	1683898196099	1683898196246	OK	 
USER	Create An Article	END	1683898196247
REQUEST		Create And Delete Article	1683898190617	1683898191155	OK	 
REQUEST		DELETE api/articles/{articleId}	1683898196174	1683898196346	OK	 
USER	Create An Article	END	1683898196347
REQUEST		Create And Delete Article	1683898191073	1683898191250	OK	 
REQUEST		DELETE api/articles/{articleId}	1683898196267	1683898196404	OK	 
USER	Create An Article	END	1683898196404
REQUEST		Create And Delete Article	1683898191309	1683898191446	OK	 
REQUEST		DELETE api/articles/{articleId}	1683898196467	1683898196592	OK	 
USER	Create An Article	END	1683898196593
REQUEST		Create And Delete Article	1683898191364	1683898191505	OK	 
REQUEST		DELETE api/articles/{articleId}	1683898196514	1683898196649	OK	 
USER	Create An Article	END	1683898196649
REQUEST		Create And Delete Article	1683898191437	1683898191566	OK	 
REQUEST		DELETE api/articles/{articleId}	1683898196574	1683898196725	OK	 
USER	Create An Article	END	1683898196726
REQUEST		Create And Delete Article	1683898191695	1683898191936	OK	 
REQUEST		DELETE api/articles/{articleId}	1683898196963	1683898197095	OK	 
USER	Create An Article	END	1683898197098
REQUEST		Create And Delete Article	1683898191930	1683898192079	OK	 
REQUEST		DELETE api/articles/{articleId}	1683898197100	1683898197242	OK	 
USER	Create An Article	END	1683898197242
REQUEST		Create And Delete Article	1683898192144	1683898192327	OK	 
REQUEST		DELETE api/articles/{articleId}	1683898197349	1683898197490	OK	 
USER	Create An Article	END	1683898197491
REQUEST		Create And Delete Article	1683898192402	1683898192597	OK	 
REQUEST		DELETE api/articles/{articleId}	1683898197613	1683898197756	OK	 
USER	Create An Article	END	1683898197756
REQUEST		Create And Delete Article	1683898192533	1683898192713	OK	 
REQUEST		DELETE api/articles/{articleId}	1683898197721	1683898197850	OK	 
USER	Create An Article	END	1683898197851
REQUEST		Create And Delete Article	1683898192533	1683898192752	OK	 
REQUEST		DELETE api/articles/{articleId}	1683898197767	1683898197899	OK	 
USER	Create An Article	END	1683898197900
REQUEST		Create And Delete Article	1683898192832	1683898192971	OK	 
REQUEST		DELETE api/articles/{articleId}	1683898197986	1683898198174	OK	 
USER	Create An Article	END	1683898198175
REQUEST		Create And Delete Article	1683898192881	1683898193028	OK	 
REQUEST		DELETE api/articles/{articleId}	1683898198050	1683898198188	OK	 
USER	Create An Article	END	1683898198189
REQUEST		Create And Delete Article	1683898193139	1683898193281	OK	 
REQUEST		DELETE api/articles/{articleId}	1683898198299	1683898198438	OK	 
USER	Create An Article	END	1683898198438
