22:08:18.879 [main] INFO  io.gatling.compiler.ZincCompiler$ - compiling 5 Scala sources and 3 Java sources to C:\duygu\intellij_projects\karate_demo\target\test-classes ...
22:08:28.251 [main] INFO  io.gatling.compiler.ZincCompiler$ - done compiling
22:08:30.504 [main] INFO  i.g.c.config.GatlingConfiguration$ - Gatling will try to load 'gatling.conf' config file as ClassLoader resource.
22:08:31.465 [GatlingSystem-akka.actor.default-dispatcher-4] INFO  akka.event.slf4j.Slf4jLogger - Slf4jLogger started
22:08:32.831 [GatlingSystem-akka.actor.default-dispatcher-4] INFO  i.g.c.stats.writer.ConsoleDataWriter - Initializing
22:08:32.831 [GatlingSystem-akka.actor.default-dispatcher-6] INFO  i.g.c.stats.writer.LogFileDataWriter - Initializing
22:08:32.862 [GatlingSystem-akka.actor.default-dispatcher-4] INFO  i.g.c.stats.writer.ConsoleDataWriter - Initialized
22:08:32.862 [GatlingSystem-akka.actor.default-dispatcher-6] INFO  i.g.c.stats.writer.LogFileDataWriter - Initialized
22:08:34.619 [GatlingSystem-akka.actor.default-dispatcher-7] INFO  c.intuit.karate.core.FeatureRuntime - classpath:features/performanceFeatures/createArticle.feature - call by tag at line 15: @load
22:08:34.619 [GatlingSystem-akka.actor.default-dispatcher-5] INFO  c.intuit.karate.core.FeatureRuntime - classpath:features/performanceFeatures/createArticle.feature - call by tag at line 15: @load
22:08:34.919 [GatlingSystem-akka.actor.default-dispatcher-8] INFO  c.intuit.karate.core.FeatureRuntime - classpath:features/performanceFeatures/createArticle.feature - call by tag at line 15: @load
22:08:35.889 [GatlingSystem-akka.actor.default-dispatcher-4] INFO  i.g.core.controller.inject.Injector - Scenario Create An Article has finished injecting
22:08:35.889 [GatlingSystem-akka.actor.default-dispatcher-4] INFO  i.g.core.controller.inject.Injector - Injecting is done
22:08:35.959 [GatlingSystem-akka.actor.default-dispatcher-4] INFO  c.intuit.karate.core.FeatureRuntime - classpath:features/performanceFeatures/createArticle.feature - call by tag at line 15: @load
22:08:36.563 [GatlingSystem-akka.actor.default-dispatcher-4] INFO  com.intuit.karate - karate.env system property was: null 
22:08:36.601 [GatlingSystem-akka.actor.default-dispatcher-5] INFO  com.intuit.karate - karate.env system property was: null 
22:08:36.614 [GatlingSystem-akka.actor.default-dispatcher-7] INFO  com.intuit.karate - karate.env system property was: null 
22:08:36.618 [GatlingSystem-akka.actor.default-dispatcher-8] INFO  com.intuit.karate - karate.env system property was: null 
22:08:36.737 [GatlingSystem-akka.actor.default-dispatcher-4] INFO  com.intuit.karate - >> lock acquired, begin callonce: read('classpath:callers/conduit/token.feature@login') {"email":#(userEmail),"password":#(userPassword)}
22:08:36.739 [GatlingSystem-akka.actor.default-dispatcher-4] INFO  c.intuit.karate.core.FeatureRuntime - classpath:callers/conduit/token.feature - call by tag at line 4: login
22:08:36.882 [GatlingSystem-akka.actor.default-dispatcher-6] INFO  c.intuit.karate.core.FeatureRuntime - classpath:features/performanceFeatures/createArticle.feature - call by tag at line 15: @load
22:08:36.905 [GatlingSystem-akka.actor.default-dispatcher-6] INFO  com.intuit.karate - karate.env system property was: null 
22:08:37.533 [GatlingSystem-akka.actor.default-dispatcher-4] INFO  com.intuit.karate - [print] TOKEN:  eyJhbGciOiJIUzI1NiIsInR5cCI6IkpXVCJ9.eyJlbWFpbCI6InRkZW1haWx0ZXN0ZGF0YUBnbWFpbC5jb20iLCJ1c2VybmFtZSI6IkthcmF0ZSBUZXN0IiwiaWF0IjoxNjgzNDI1MzEwLCJleHAiOjE2ODg2MDkzMTB9.wGlEOq4sJvS_rbW-jeXRy4XHVhWQXgLO-WJZC1DbhCg 
22:08:37.539 [GatlingSystem-akka.actor.default-dispatcher-4] INFO  com.intuit.karate - << lock released, cached callonce: read('classpath:callers/conduit/token.feature@login') {"email":#(userEmail),"password":#(userPassword)}
22:08:37.539 [GatlingSystem-akka.actor.default-dispatcher-6] WARN  com.intuit.karate - this thread waited 627 milliseconds for callonce lock: read('classpath:callers/conduit/token.feature@login') {"email":#(userEmail),"password":#(userPassword)}
22:08:37.539 [GatlingSystem-akka.actor.default-dispatcher-8] WARN  com.intuit.karate - this thread waited 800 milliseconds for callonce lock: read('classpath:callers/conduit/token.feature@login') {"email":#(userEmail),"password":#(userPassword)}
22:08:37.539 [GatlingSystem-akka.actor.default-dispatcher-7] WARN  com.intuit.karate - this thread waited 800 milliseconds for callonce lock: read('classpath:callers/conduit/token.feature@login') {"email":#(userEmail),"password":#(userPassword)}
22:08:37.541 [GatlingSystem-akka.actor.default-dispatcher-5] WARN  com.intuit.karate - this thread waited 804 milliseconds for callonce lock: read('classpath:callers/conduit/token.feature@login') {"email":#(userEmail),"password":#(userPassword)}
22:08:38.502 [GatlingSystem-akka.actor.default-dispatcher-4] INFO  i.g.core.controller.inject.Injector - All users of scenario Create An Article are stopped
22:08:38.565 [GatlingSystem-akka.actor.default-dispatcher-4] INFO  i.g.core.controller.inject.Injector - Stopping
22:08:38.567 [GatlingSystem-akka.actor.default-dispatcher-10] INFO  i.gatling.core.controller.Controller - Injector has stopped, initiating graceful stop
22:08:38.633 [GatlingSystem-akka.actor.default-dispatcher-4] INFO  akka.actor.CoordinatedShutdown - Running CoordinatedShutdown with reason [ActorSystemTerminateReason]
22:08:38.705 [main] INFO  i.gatling.charts.stats.LogFileReader - Collected List(C:\duygu\intellij_projects\karate_demo\target\gatling\cdarticlesimulation-20230507020832716\simulation.log) from cdarticlesimulation-20230507020832716
22:08:38.746 [main] INFO  i.gatling.charts.stats.LogFileReader - First pass
22:08:38.756 [main] INFO  i.gatling.charts.stats.LogFileReader - First pass done: read 22 lines
22:08:38.781 [main] INFO  i.gatling.charts.stats.LogFileReader - Second pass
22:08:38.820 [main] INFO  i.gatling.charts.stats.LogFileReader - Second pass: read 22 lines
